
> hairflow@0.1.0 build
> next build

▲ Next.js 16.1.6 (Turbopack)
- Environments: .env.local

⚠ The "middleware" file convention is deprecated. Please use "proxy" instead. Learn more: https://nextjs.org/docs/messages/middleware-to-proxy
  Creating an optimized production build ...
✓ Compiled successfully in 4.2s
  Running TypeScript ...
  Collecting page data using 9 workers ...
  Generating static pages using 9 workers (0/21) ...
⚠ metadataBase property in metadata export is not set for resolving social open graph or twitter images, using "http://localhost:3000". See https://nextjs.org/docs/app/api-reference/functions/generate-metadata#metadatabase
  Generating static pages using 9 workers (5/21) 
  Generating static pages using 9 workers (10/21) 
  Generating static pages using 9 workers (15/21) 
✓ Generating static pages using 9 workers (21/21) in 170.0ms
  Finalizing page optimization ...

Route (app)
┌ ○ /
├ ○ /_not-found
├ ƒ /api/ai-test
├ ƒ /api/auth/callback
├ ƒ /api/customers
├ ƒ /api/customers/[id]
├ ƒ /api/customers/[id]/analyze
├ ƒ /api/onboarding
├ ƒ /api/payment
├ ƒ /api/portfolio/[id]
├ ƒ /api/profile
├ ƒ /api/recipe
├ ƒ /api/timeline
├ ○ /customers
├ ƒ /customers/[id]
├ ○ /dashboard
├ ○ /login
├ ○ /onboarding
├ ƒ /portfolio/[id]
├ ○ /pricing
├ ○ /pricing/success
├ ○ /recipe
├ ○ /settings
└ ○ /timeline


ƒ Proxy (Middleware)

○  (Static)   prerendered as static content
ƒ  (Dynamic)  server-rendered on demand

